<?xml version="1.0" encoding="UTF-8"?>
<!-- Generated by org.testng.reporters.JUnitReportReporter -->
<testsuite hostname="DESKTOP-3OIDL8Q" failures="0" tests="1" name="base.scroll" time="9.515" errors="0" timestamp="2021-08-18T23:36:20 CDT" skipped="0">
  <testcase classname="base.scroll" name="f" time="9.515"/>
  <system-out/>
</testsuite> <!-- base.scroll -->
