<?xml version="1.0" encoding="UTF-8"?>
<!-- Generated by org.testng.reporters.JUnitReportReporter -->
<testsuite hostname="DESKTOP-3OIDL8Q" failures="0" tests="1" name="base.MetodosComunesNG" time="2.170" errors="0" timestamp="2021-08-26T23:06:49 CDT" skipped="0">
  <testcase classname="base.MetodosComunesNG" name="generarScreenshot" time="2.170"/>
  <system-out>
    <![CDATA[<br> <img src ='C:\git\orangehrm\test-output\screenshot\screen.png' height = '400' width = '400' /> </br>]]>
  </system-out>
</testsuite> <!-- base.MetodosComunesNG -->
